c:\users\logan\source\repos\sandbox game sfml\sandbox game sfml\x64\debug\vc142.pdb
c:\users\logan\source\repos\sandbox game sfml\sandbox game sfml\x64\debug\vc142.idb
c:\users\logan\source\repos\sandbox game sfml\sandbox game sfml\x64\debug\main.obj
c:\users\logan\source\repos\sandbox game sfml\sandbox game sfml\x64\debug\atlas.obj
c:\users\logan\source\repos\sandbox game sfml\sandbox game sfml\x64\debug\log.obj
c:\users\logan\source\repos\sandbox game sfml\sandbox game sfml\x64\debug\map.obj
c:\users\logan\source\repos\sandbox game sfml\sandbox game sfml\x64\debug\entity.obj
c:\users\logan\source\repos\sandbox game sfml\sandbox game sfml\x64\debug\collision.obj
c:\users\logan\source\repos\sandbox game sfml\sandbox game sfml\x64\debug\util.obj
d:\code\c\sandbox game\sandbox game sfml\x64\debug\vc142.pdb
d:\code\c\sandbox game\sandbox game sfml\x64\debug\vc142.idb
d:\code\c\sandbox game\sandbox game sfml\x64\debug\util.obj
d:\code\c\sandbox game\sandbox game sfml\x64\debug\collision.obj
d:\code\c\sandbox game\sandbox game sfml\x64\debug\map.obj
d:\code\c\sandbox game\sandbox game sfml\x64\debug\main.obj
d:\code\c\sandbox game\sandbox game sfml\x64\debug\log.obj
d:\code\c\sandbox game\sandbox game sfml\x64\debug\atlas.obj
d:\code\c\sandbox game\sandbox game sfml\x64\debug\entity.obj
c:\users\logan\source\repos\sandbox game sfml\x64\debug\sandbox game sfml.exe
c:\users\logan\source\repos\sandbox game sfml\x64\debug\sandbox game sfml.ilk
c:\users\logan\source\repos\sandbox game sfml\x64\debug\sandbox game sfml.pdb
d:\code\c\sandbox game\x64\debug\sandbox game sfml.exe
d:\code\c\sandbox game\x64\debug\sandbox game sfml.ilk
d:\code\c\sandbox game\x64\debug\sandbox game sfml.pdb
d:\code\c\sandbox game\sandbox game sfml\x64\debug\phys.obj
d:\code\c\sandbox game\sandbox game sfml\x64\debug\sandbox .43844138.tlog\cl.command.1.tlog
d:\code\c\sandbox game\sandbox game sfml\x64\debug\sandbox .43844138.tlog\cl.read.1.tlog
d:\code\c\sandbox game\sandbox game sfml\x64\debug\sandbox .43844138.tlog\cl.write.1.tlog
d:\code\c\sandbox game\sandbox game sfml\x64\debug\sandbox .43844138.tlog\link.command.1.tlog
d:\code\c\sandbox game\sandbox game sfml\x64\debug\sandbox .43844138.tlog\link.read.1.tlog
d:\code\c\sandbox game\sandbox game sfml\x64\debug\sandbox .43844138.tlog\link.write.1.tlog
