  Entity.cpp
D:\code\c\Sandbox Game\Sandbox Game SFML\src\util.h(12,13): warning C4244: 'return': conversion from 'double' to 'int', possible loss of data
D:\code\c\Sandbox Game\Sandbox Game SFML\src\util.h(47,21): warning C4244: '=': conversion from 'float' to 'sf::Uint8', possible loss of data
D:\code\c\Sandbox Game\Sandbox Game SFML\src\util.h(48,21): warning C4244: '=': conversion from 'float' to 'sf::Uint8', possible loss of data
D:\code\c\Sandbox Game\Sandbox Game SFML\src\util.h(49,21): warning C4244: '=': conversion from 'float' to 'sf::Uint8', possible loss of data
D:\code\c\Sandbox Game\Sandbox Game SFML\src\util.h(50,21): warning C4244: '=': conversion from 'float' to 'sf::Uint8', possible loss of data
D:\code\c\Sandbox Game\Sandbox Game SFML\src\entity\Entity.h(30,28): warning C4305: 'initializing': truncation from 'double' to 'const float'
D:\code\c\Sandbox Game\Sandbox Game SFML\src\entity\Entity.h(30,58): warning C4244: 'initializing': conversion from 'double' to 'const float', possible loss of data
D:\code\c\Sandbox Game\Sandbox Game SFML\src\entity\Entity.h(30,89): warning C4305: 'initializing': truncation from 'double' to 'const float'
D:\code\c\Sandbox Game\Sandbox Game SFML\src\entity\Entity.h(34,24): warning C4244: 'initializing': conversion from 'double' to 'float', possible loss of data
D:\code\c\Sandbox Game\Sandbox Game SFML\src\entity\Entity.cpp(4,31): warning C4267: '=': conversion from 'size_t' to 'unsigned char', possible loss of data
D:\code\c\Sandbox Game\Sandbox Game SFML\src\entity\Entity.cpp(62,60): warning C4244: 'argument': conversion from 'double' to 'float', possible loss of data
D:\code\c\Sandbox Game\Sandbox Game SFML\src\entity\Entity.cpp(66,65): warning C4244: 'argument': conversion from 'double' to 'float', possible loss of data
D:\code\c\Sandbox Game\Sandbox Game SFML\src\entity\Entity.cpp(70,65): warning C4244: 'argument': conversion from 'double' to 'float', possible loss of data
D:\code\c\Sandbox Game\Sandbox Game SFML\src\entity\Entity.cpp(71,20): warning C4244: '=': conversion from 'double' to 'T', possible loss of data
          with
          [
              T=float
          ]
D:\code\c\Sandbox Game\Sandbox Game SFML\src\entity\Entity.cpp(72,62): warning C4244: 'argument': conversion from 'double' to 'float', possible loss of data
D:\code\c\Sandbox Game\Sandbox Game SFML\src\entity\Entity.cpp(75,65): warning C4244: 'argument': conversion from 'double' to 'float', possible loss of data
D:\code\c\Sandbox Game\Sandbox Game SFML\src\entity\Entity.cpp(76,20): warning C4244: '=': conversion from 'double' to 'T', possible loss of data
          with
          [
              T=float
          ]
  Sandbox Game SFML.vcxproj -> D:\code\c\Sandbox Game\x64\Debug\Sandbox Game SFML.exe
